<?xml version="1.0" encoding="UTF-8"?>
<!-- Generated by org.testng.reporters.JUnitXMLReporter -->
<testsuite ignored="0" hostname="UT130" failures="1" tests="4" name="Test" time="31.014" errors="0" timestamp="2024-10-09T10:40:31 IST">
  <testcase classname="io.cucumber.testng.AbstractTestNGCucumberTests" name="runScenario" time="15.661"/>
  <testcase classname="io.cucumber.testng.AbstractTestNGCucumberTests" name="runScenario" time="0.22">
    <failure type="java.lang.AssertionError" message="The following asserts failed:
	To match the navigations items: Lists differ at element [1]:  Settings != Tracking expected [ Settings] but found [Tracking]">
      <![CDATA[java.lang.AssertionError: The following asserts failed:
To match the navigations items: Lists differ at element [1]:  Settings != Tracking expected [ Settings] but found [Tracking]
at com.uffizio.homePage.HomePage.user_get_the_list_of_menus(HomePage.java:118)
at ✽.User Get the list of menus "Dashboard, Settings, Reports, Charts, Live Tracking"(file:///C:/Users/Public/QA/Eclipse%20Project/WebAutomation/Trakzee_WATM/src/test/resources/FeaturesFiles/HomePage/HomePage.feature:12)
... Removed 2 stack frames]]>
    </failure>
  </testcase> <!-- runScenario -->
  <testcase classname="io.cucumber.testng.AbstractTestNGCucumberTests" name="runScenario" time="7.683"/>
  <testcase classname="io.cucumber.testng.AbstractTestNGCucumberTests" name="runScenario" time="2.788"/>
</testsuite> <!-- Test -->
