<?xml version="1.0" encoding="UTF-8"?>
<!-- Generated by org.testng.reporters.JUnitReportReporter -->
<testsuite hostname="UT130" failures="1" tests="4" name="com.uffizio.runner.Runner2" time="35.398" errors="0" timestamp="2024-10-09T20:56:55 IST" skipped="0">
  <testcase classname="com.uffizio.runner.Runner2" name="runScenario" time="0.272">
    <failure message="The following asserts failed:
	To match the list: Lists differ at element [1]:  Settings != Tracking expected [ Settings] but found [Tracking]" type="java.lang.AssertionError">
      <![CDATA[java.lang.AssertionError: The following asserts failed:
To match the list: Lists differ at element [1]:  Settings != Tracking expected [ Settings] but found [Tracking]
at org.testng.asserts.SoftAssert.assertAll(SoftAssert.java:47)
at org.testng.asserts.SoftAssert.assertAll(SoftAssert.java:31)
at com.uffizio.utilities.ListComparator.compareListByText(ListComparator.java:125)
at com.uffizio.homePage.HomePage.user_get_the_list_of_menus(HomePage.java:122)
at ✽.User Get the list of menus "Dashboard, Settings, Reports, Charts, Tracking"(file:///C:/Users/Public/QA/Eclipse%20Project/WebAutomation/Trakzee_WATM/src/test/resources/FeaturesFiles/HomePage/HomePage.feature:12)
]]>
    </failure>
  </testcase> <!-- runScenario -->
  <system-out/>
  <testcase classname="com.uffizio.runner.Runner2" name="runScenario" time="2.498"/>
  <system-out/>
  <testcase classname="com.uffizio.runner.Runner2" name="runScenario" time="15.614"/>
  <system-out/>
  <testcase classname="com.uffizio.runner.Runner2" name="runScenario" time="17.014"/>
  <system-out/>
</testsuite> <!-- com.uffizio.runner.Runner2 -->
